CLIENT_RANDOM 2E90D18A778AE33D277E45C4BA88BF7562E1B97E68D69237C43B760A93D9552D C0C1201000561C9B3FD51D3236FCABE4A601A2B4919DE380E7E42B3AA7F45079D932CB635B212682D20308DA0A9FD5DF
CLIENT_RANDOM 7D46CD92CD74EDB75599140B9791FC9ED3F4844490A16A2DD2B1BC088BCD2990 41D5701229DCF5EA75BE232F43EEC58055E6B0BCA99BB47217AEE87A4201E473D21014D9FECC4782A8BE41278714676C
CLIENT_RANDOM FA0FCC4107F3B2EF7612CF77EEB65DE2BB95D534A074E8DA49EE1C942E5A7714 363B53B354EE0DAF60158A7574ED8D43BE4CAF679CCF287AA7703670CF9CFF54B9CBF1C8E0CF8D7942DE257491CE2F87
CLIENT_RANDOM 03AAF9CA480C9A1BEFA2842DA9AA063391284B7A6EE49E3D0A02B148F9482554 EBD4D41BC12304D1909D34BE867E0BAA04FF80DCBF5C60C6BE2A20F104EC3D8C81803EE3420763F9E73C143CA7AF1B75
CLIENT_RANDOM 416506E75A2CABF522F47CE8FC7A5B78428C1BBE7452ECEE2B61C186B6B3E2FA A763D72C0A41BE0E4A86F8C810EE372682219CB247696B7EA40F9A99EF46ECFE78594B0E55B8B84D908AE2CE66A560B6
CLIENT_RANDOM B51504025B0032F0702E2F65F9910528D2DA5DD6355466B9E1C4FD6788706B0D CC2681851DE52655D1201AB3AE883EA5B7CC0A7DD9CF54CCCB74C4B9AF40D87612E38704A44F30F0E5544D7213597437
CLIENT_RANDOM 26280B604B7B37E2EDF4EDFC18C8727078C114D574E2EDAD2D7DC6FAA3AE37BB 29F1BA669BDB1E1C62C5686AC1F5BDB50403C5519A78BF85C7090946CFCE387DAE7CA81F8E46EFE60DBBEB33728ED761
CLIENT_RANDOM 2A928CC1097956F865ACD88A4F132829B40E026EBB85EB68246F063270C2233D 03FF913B64E2A636FE618C69D3F3FF302A956F59D3CC2CC6727FE875818F57D6D6A9F233BAA67C4734171E76A640D9EE
CLIENT_RANDOM 146464FBD7F79133C72DFE512A25DD3B981929C51F8045C2310D28EED95E6110 B7B788935F74B5579E371CB84ADE62111B50C44C73EDA22349EF0B54AE074DD8769D92DF0A860601D0362B4D9522E61F
CLIENT_RANDOM 816B7E38EC927A94AD590C609C8493143DB5DB12B98E7A1F4BF67AADF542EC03 11D503160312EFF64F635B1E065F5A8FC24AE86B666C00F7CD92C350361B2024405A47F6F3785D40B630E23D648E7C4B
CLIENT_RANDOM DBA473561630B59D8CD7BFD807AA17999FE92AC406320620C8DE9445D398FB73 01D13B03959E4C49BD493B0F7B514843A0DA27EF7CFCE0AFA464B3A08FFFA2E794A4AFE259C4BCF4E6A35FDBCAE7AFB1
CLIENT_RANDOM 674ADDF44F15B2CD8900BE229ED0ECA61B0B42A11AEC1C47468270D31F774888 40BCA27084DDEFD2423FDDB93720ED24564FBCC7930E0B789609FC220852F7EF3AD83A42B6205AC5F05196791AA2A68E
CLIENT_RANDOM 05C8A9808F60F0A35C18F1CDDC6E563536FCDADB665E7260B2FA809649869232 FFDAE92787A38E32DA814BD67DD867482891DA12FAC67047D87212D303F8D2C9A4C7AB33CFA60733975135AB977724AD
CLIENT_RANDOM 084C12FC474FC6489B88E464B0336DB5E9C27DAAECAFC60C778743CF59A0DBD1 29688DA8D05D02419B5850A9FF3DBBF0C36C064659C62C070349E59CDF07163B3B1F51495DE7C2601C17521B59F91306
CLIENT_RANDOM 1F1E891A3B489B0404B1B4C4522EE5B7AC7F6F90D4BA86EFC3FC124FACD0CC51 0C61EBAE2BDEBF59BE554A4B0684987E21AD51DEA6B69FAD2CC44CF289B024DE63F48C88CCE4882027FC2F92207238B3
CLIENT_RANDOM 4BEF8F4EF11D31693801DC7444CAC0D181FC8C6F0D59EF50D8A2A0D1FC8BCA47 C6A44A0BBF16554359B37129C0C6B136DDE9BF8E77A2C919C91CE5F2F99C4906447EEB508BBC9BCD0A101A0EFD5C44D5
CLIENT_RANDOM 0D3761B2A9D1EB22B183EA30F335F81494528B9660EB681D5FAADB74D18C8DEE 3C2C623D70A19DB4062CE961627082A12B589F0DE6CD5FA38244F6B22493C8012FFF8796535C13FA3DBC21A7DF53E469
CLIENT_RANDOM 21630132C4AC7D04563EBE05B3080D6C9B404BAC00ECA0FD864D5F7814DAF101 DFEF433E39FA4CD1EFC8DA0C96C6E089600AC93A317AD5B873D9A0F2F7784F679EDCEA475CD5B36A4E6B0F2A355A5903
CLIENT_RANDOM 1569E04471A17C046437756E2013566C53115C7ADF6FF9EFCD0462711D5110F7 592A8EC5013651B13304D41572AEFB3C02A67C8E9F188B330AF0E9E6769E4578428BF62F2DB2805DB521E4BD9F0F5863
CLIENT_RANDOM E0F9FD1C38844A457B66D1C89F9CF957A9F9C276C9F1C42114AE31C394EF65F6 7E641BF781A238A50993496E19ED2DA11B193AB8494F741B7A4B06B60B54413004A98776B5019D044E4DA26759FD51F0
CLIENT_RANDOM 121362AA58528E7D574EC6F5EB66A9B58FC29905588E78FD1DF114734D408132 2E4ADCEB61FAE65DB2CF089638B3B96D7153A49C95DDDEA8A14706C403FB06A0942D1CBE0403F3E0420DF7BD95065A14
CLIENT_RANDOM D5DE5F7E49A97136150033E111DB94ED40B9277166BB0C5FFB72C3597E44F4B7 5C9956C69628F2BBE3FC92FF0319315567BA45835E8CF3F38C1801A5B9D780DC28A840B9DF1EACE6548014FBE060ABF4
CLIENT_RANDOM EA9047B8D2BC75618BAF53601F21D6DA78CFF7BFB26AEB04B70A66D0C746A37D 82C6CC76F03F63C468A4C8D455F6A088C4271D353C44B9DCAB25B36C27A86262F9519208DC21D890503C96DB7E43C67F
CLIENT_RANDOM 00463C0B33438E82492CCB033B74F8DA8DE53B5E93A75E7FC738E0238369FCA7 98714A22BFA3DCCF0AA40D40F2258365EBBD0C01018A37E5B388014560CFECB518E938F8B22BC712C812C3D32E692682
CLIENT_RANDOM 81C5C235DDB199FD1A72C97253A1636F231E3F1FCA839696F4B1C52DE1A4368E D695A2B84FBCE37EA95EB6E23AC6B5439F5676AFD592A534F8AEC8B6FDE83271E55636E2EA34DDDED86C718241D04429
CLIENT_RANDOM BE463652C55D400E2D24ABE190C4C836C6C1A9C29808AB3B20D7B43310E50B93 C87DCB7225A5EE6FABB06262B8FBBCD024C7A60C75F000EB52CA63608CC10EE9D0DA94D9A83A374662420AFD80025408
CLIENT_RANDOM 949BD574F9AB12D3CEE9CBBE96F41D2F1C695ECA7EC06B4A696D9A074C856FF2 2A05898E84293E987992D86575559EE6CB6D7882367F3A5AC6509DF4F93CD575DFB08F89BEC874FD1DC76DC48E94B824
CLIENT_RANDOM BADA26F4DC1CBA54B416B674E56115CD81C89934424A998362980D9850BD1678 F1017E670C3CE66A013A9C0254B3D509D5C4592022B4F62AC332E96CD7672192FA1FDB9CC9CFE6013A5A4B81CFBF3A03
CLIENT_RANDOM 453C78034822B170E90299D2B5E2F9F8D8EBBEB00167B80730257DA1EF1E2C64 194DC86A5CFF889BEB1F36626FDF1DFCFCD062E8773BAFE7993D97D2AF558B8D433EE68A0F7E633EEA34A5E1C165F6C8
CLIENT_RANDOM D04EB1AAE842FBE652A3E88062171A4FE1DBEA2ACD3B2D4EAB8CD57300D94412 4EBA2CA21AC5026FAC112FE02DEFB4C836BACB27FDDAEA04A38F4D31995FD077588255C7949094A2046AC195A7DF6F1B
CLIENT_RANDOM 77E8E8510DC64393A8260B03476FB8A83EF290EB4972E6FB9A9113D2CB593FA2 BBC633827888C5061D7DC1B55894EF4788E7DFB3F0EA63BBFDDD4AB4573703B019217370B7DCA3A4859A027EB6CB6043
CLIENT_RANDOM 74EC0D1C2B7E92D89081B9D06CB26E34AD4EE6447747D5C1E22E4602EA51F660 8375A7B0B4FE12ADD809CEE4C94CDB4114F69B5670C49532A444EE3D007638402F37D8DAAF3802A1F90732CF82F26CE8
CLIENT_RANDOM A024DB545A6EF35380E7875CAC0C7BAB6E860EC583E93A05AD3A3D4997F8B2A2 1F0398510C6291357A3D9EB686223E0413AF17F4AF401C1B154ABC689DA4E8C96D1EE798743F1E72F6DFA0F889F38FE1
CLIENT_RANDOM 62A0A7C0F63354BBB411E1AFDEB57932334CBBDE3AFA2937FC22CC97F405E08A 8DAEBC2CD5E805A6E5C14E1C43E52A458192FDB118264B10F8E0A51BD1FDA50730527C5F7231B4FC3689DFD0A8331FA7
CLIENT_RANDOM A9EA09A8F23533FB3D28E5770324C9B3A4D8BA1A7E194B4DC6F54BB6E93F9E40 0BB352D5DF313B982C89B7138AE884E774E69474C249A33620062F7A5ECD1781ED7D7B8B37BCA2BE96B72D5F5946610D
CLIENT_RANDOM 12297C492B8803B705855C80079047DF2D68DB223CD8C743489CD1024BD215E2 D42ACC683A41C35054A3E5B7AD8700953174630E6DE9C5E5880608AA18E6700ACDCF3471F4A084EA0709C873AA90D291
CLIENT_RANDOM A787F06A6309704ACBD103815749A1541555E85B0BA6D20C6345872CB74FDDE8 16A3990F4B0F5672F894F985A5D6403555880CF192D7687DE6CA94F5763FED736BDDB7DCD4E4D9A70EA5548666BC6F85
CLIENT_RANDOM 3A2C3837A04E329DE26B5666C69528E10E7E834BE059702DEC953C0CE80968FE FC5065118FA0A4B82AC906EA1782ABEF4103AB636069670EE3E8000981AABB266FB3469A8E6851FA56E74203950E746A
CLIENT_RANDOM D000632159F09FB6C777177ED70317C3442EC3A5344589F972FD70185E2702E2 220EF12E9548C4D63F529213D6977C67BF2D73FB6FFFFFCE499EA00DD4264E7BBEDD427AB4D251D47814156D231BF89D
CLIENT_RANDOM 250BD21F09D96C23E326E12A6D5DB5BBB3DF7B6B7814EEE841CB64187A306EB4 EA17444F0C677BC8E57E7DE210F4B8EEDA0591AB29F63AC2B327429C09779A25EB053FEDB883C964D9C9390AEEBD1A66
CLIENT_RANDOM 6FA40A3A0A7DEC4AFE2018FB609BA66522D6897D7F6021B7BC60F11DEF72ED7B 0138E9C89CC93DEFEF4E03F3469B2267BB4F4AA0ABFD5A51CA8A93ADF55C0AE7BF5BF1B8C197D63EB47B34A59CEFA0E5
CLIENT_RANDOM 664E64C4DE381F2C3040F5A23CFC0022D4D786E62E1BAC520BC5AD2401400612 FB1864D493DCB88BB449018F335939A2426B25CD651A60F81051EF7CB3F6AEA93810B6492070EFAF56BB51B144C944D5
CLIENT_RANDOM 68333A64CE38A90928E682F8D9C45D4E0F7C3E873397D95B7E9C2865577885BF A1F2DFB9D0957C63E58D44BA92AAC82D1A08A12554EE2F2C5D2E99467BC42FA9EF4909114D02C2E41EEFF99E234A1F9F
CLIENT_RANDOM DB285205EF287C3D256CEE0DFE955591D0B4113485A74034B59C3C34A9D922C1 54202737D2BB958712AFC7BF0EBEFF619704935CFAC1D2B73E8DB1D20EA69F4FC7235BF3E84623985B4F65182D420D09
CLIENT_RANDOM 7BD8D2584B5706F3B115C906BACC17C016C8D4E7DFF8ED268FF00D88E44054B9 B5B7EFFA05A857CDD2E9741E0B8EFDC924ED1BCAC601FA70298F88CB41449773B53ABDD97ADBBC42E9E66A7D9AC89C70
CLIENT_RANDOM 964F127C226D96AC4BD67FDD08629CA5CCF6A23EB2B2598B55E5E3F4C0A408D0 00558D6DFE85870856038CAF8107F5B9C661ED781F85E71C2639411D1EE6153487A84B67E98C1C8B794410247EA7DF5F
CLIENT_RANDOM A3FBB13832B0680E58D7FDCDEBDA5116F23D13056594EB6935EE463F77573A91 71C2765EBB2419F9D6585420C59885AD7B9F7DFF1778DC5C2646856B47F22AC18B3619ABA2CB23E204EC9F6F5C9E9EB7
CLIENT_RANDOM 02C9913F6A62465C01BCD2C12FE792ECD7D46915AAF49803E3F7A2FB083932EF 2D8DB8AB7381CEFD2DD65C5BBCC3B75C3AF4D70942F1BF4D40511BA0117694C7D1A721C9BA68527B889A5521B99C53BF
CLIENT_RANDOM ABD3E2A6686E3526EA1ABB5C5D52B11853707369A517B7B568ED265E25C69072 F8F2D461D3800A4CDC9046683B19D8D0C845BFC108F77651D7C61F3E913550F87B11941C2C9A7C0487EC7BF6099CB853
CLIENT_RANDOM 921056EF1CAE644DAF2A493D156FB54CE4CC1210D5ED6B34199BB07B6AF38E79 F0054CF09FA3592D6CEA00EE81B9FFB3EA04965D9F215B651D715EBBC0C28F2EE0E6247E36574D2F0B4D715FF7C53C65
CLIENT_RANDOM F096F8EFEAA74B4ACE2AF9E09A79A7F72183C47B96AA6371C4C6A5917AC0CF12 5A8CBE3D60987F5164124D89DEA0E9E82090F144656E9B0601BB5295F52DD3B31126EF17097216A6EB47F11D8A26CD67
CLIENT_RANDOM 616014F14EB40C75602C2D3C3308D3B17DAC6D1C25FB27D103B3436DE22ECBE2 1DCFDDA5867133400BEBF2CDAFD8A2570D98B2249ED141C2FEB85B8DFCF210500AC95B82B5F22D6C0ED5519A73ED932B
CLIENT_RANDOM 280CF2CB85B25CB8ED5961AA2A28CBFAE6CE19D0E6F8D328A0D2461B3D6950BD A381472C8FE53EC1BFFF850F58DDAAC84C8E378F5E4B4D58DBE262D8A528ED35BA978A7378DFAE881FF8B62DB3F947BF
CLIENT_RANDOM 5F186C292C7A6754AAB2A8C2A0AC9D6465262487AF2FB9075F74B0FA16DC247E 366C53D6DBBEBD2DC29F32AEADC60D21B1BBFA152E7F244194ED0A4524AC1798D41B8A3C526A44DB47996C880DF6C8E4
CLIENT_RANDOM E9238D34CA3582E36F5451B5710C468CE3C1567743E30645DAA33D1CDB0497CA 1075E5F43F05A8D3D21D5F95776D1B80FCEDB43978B0DF9E79055891C597498CA71E6BB81CFC46B9A1E594A01F09C264
CLIENT_RANDOM 34A2FC6EAE684AD32E8D6471D66FA18B5E64053126398C83345B6766E15C0A7F FB6E5BA30749F232A49E5CA2995BA5B9829D981AC06AAFD26224F1C32F570238C150D60C4D8F01B362341B2E14B1A51B
CLIENT_RANDOM B19DB3A0A48AF4B0A20F1E40188EE13EDED9BF92AC9702891DC74DF76283CEFA CC63B27591DAB063252FED1080468F3A9B0CE7B89D97B37CED7018CE31F2071042C730C296A9BE3DC0B11DF0408C1B66
CLIENT_RANDOM C8E89BA88D31D277A4D461EF9BF31181AD8C339E773A0DE1FEEEAB0C1162A653 849575B1BFEDED36537449235E5AAA501D54F4B4348865971720F0D7DAAFCE5989A14A54A3F1F379127153BD94FABBA1
CLIENT_RANDOM A38F617523A425D15B457AA1CEFEAAF8E63C2E8923FDFBA44E062EC914F89C5B 12FA33DA0833CA2B99928C991A3F4422FCEB129385E3D1562786C7DB3E6A1BEBE14F66FFF39B9D65767E393A751AF822
CLIENT_RANDOM 710F3DD0D8813C228BC4F922C5885FEA7FA00A6878718146788947F84406F49A 32FABCC20F65268D7E61AA538922A44A934228F47C50113867B5AF7096AA0B866C3F47B8895C2BDE2F6E55855C0D1A49
CLIENT_RANDOM FF708F4A99734357A2FDA2851E5AF636CC4FC496147975CCB3B75FBE390C32F6 92F9271A613968F52F8B12A4068E2A6D9856A183656A5CE13ECB1CAC7B0F520C3CC419BCB4E8868606AFE4524C8A39C8
CLIENT_RANDOM 741C3003F076E0518487A73B0F62800C5DD20542CB4D2B70E4E030FF112B6CE3 E7E997AECD20121AC77B9193309CC27573BC28AF406CCE463FDB3E0CC324D2EA3AAD2A845EBC4575B2E265DAFDB51123
CLIENT_RANDOM 9D9D6E79194A94E913DFC944379D39E5E62ECD1E8F750BF7D20B05C84DD79729 2F4F4E78A2CC253F319CE6D8F37F094DEF27CBE607D00F4C3F6109F61677CD31E4D18F91EE150E7E93F20FA6D6E5E072
CLIENT_RANDOM 5AB75B84C8D5BBCC65181634752650BA75E0EC652D4BEDDA99AD95DD5C344DED 951E2B329B86B9C8C598B53D6F1D9867B95B30F56E4F10B0F2388A9A21F76BC85DDD873B9CB37CDF0A44D1AF778A140A
CLIENT_RANDOM 5CCBCB9CD7B4668AC497A8E1409312DB4B89644F47101A0878F5755D100C38D3 D3A90FFE7D069A5A08768CA99F5F3AF7E221C1016D5453CC0DA0BDD06A0C06FE1836AAC852D3A9106D58D19F3460374A
CLIENT_RANDOM 38B3C0A955F4267FC40C21C4BE91ABCDD1D2D1D21D9A5C6BE2B8BF88CE9FF2AD 6710FC0A14E6D5F978FD434915A614E2EE573758ED173B7374540CC69BD8ED174C30D13EBBA60A0485DAC4E7DC67DC0A
CLIENT_RANDOM 1B862AFCDECC85828E0CEE5CF479CD646E527AB56D2DDB08D2E1D7A7D48559E9 BD421D7C98E99033D5E2F715874EBD8EE5CC19BAFD8027379A9C7F863182558B4A777F50381370464BC4D65B32D9F565
CLIENT_RANDOM B3008121E8290C44F9B7942438D95ED24FE23E9A66CD074544F290C46F8ABC70 16917DF6D9C2F56746CC52C8514EDA0E8FBD16FA9B45920A09369E3EEEFE1292AA7573F4BF8B6E5FA513DB7D045E4AEA
CLIENT_RANDOM F077825B7880E676123CDC46FED24D00677B9324778F7D71B751DE09501737DD AAAA68E9184DEE2C242D4F86BDC5F9BE06F746CCBDB256EA2CD7A2A5FBDD8D686548E3064AD0E21DD27D082656DDBF6A
CLIENT_RANDOM 1B6F4C4E2BC52601F861F67BEFE762EF46A2B9EBD97407A26E5A174FD0B3C972 D17E89D6A421D479BB98C48DE608C75A7B28BBE74FF5751410538A3763D51C126A4CBCAE14E440FB263D635D17F4516D
CLIENT_RANDOM C27230937031A1C7351A8199421364B53B85DFCD34A5F6310CE19874EBF0FFF5 362037A03A3F06DA44012AA93AA19FCBE44383B0450A5E8BF553E83F294246F4D54595B0EC0CE15E4D75E78640F5C42E
CLIENT_RANDOM 8A0B84A426DE402AC8559769ECB99EC5F714114F852B3CF4CE7CFE4D0F09E6B8 30EC6FAED95FFAD46EBDE737B75BEE62D4BC7B3D06BD280F601B1DFE0E33E932DD004E64F6A954331BC2D94549FA7A2B
CLIENT_RANDOM FDDADC4F237A1A39BBF7D11A937C1300D0D79EC908E576149D331CBA4D38A717 E0AF799085B33D05DFABC71B8B61FF1D663B7036755F6945DE5575C129070876543C1885CB37C84CC6D00B814DF636FF
CLIENT_RANDOM E99C8F6F97E2712F5DB3E9B5AD8367A056AD62F10DAA075E0B1AD816F573C3EB EF2586308C73B053E88CF03227A56121EC34DED0E722D6263FC3881DC3834DD512BCFF78AC40AC3D7A37E7C5B342674E
CLIENT_RANDOM 0169BA8313E4DB868D2BFB20247AD9632FD1E1893D524E639D83CBCE7CA1218D BEFCE37FAAC975C0C577A8B20B2376EEF0657F0ECA2480263FCDE14852D6DD9FA7F4F9218B40BA608344BBBB46E0E3C4
CLIENT_RANDOM D36FDCAC4548A23CD309A5818FDE33F37A9F80F6B02AA57A4849AECE227CADFA 819C4D544AA259ED92773067E98B882FDB7A7ADDDE76A4116E58E3816A835B05F157B241A206E3C1053F4A9636417EF2
CLIENT_RANDOM AFBADD0C5FEAEAE4743269B4D68758F432C9EC1BB9287587ECCFEA0E35AFF2F9 4750D0387BB0A0164FC55F79A204EB2F525251A5C7AEDB1D18037BB96C9070484A16EB683E350A6C6021FAEB9BAA6F27
CLIENT_RANDOM DC0E670DDD7A22FB644612F097500FCC7014840C66B32D27BF45FDAB3F1EF14B 4986C0A266EF8F4D614A64A38F32A48526403D4E98B90D6FE71AEE6CD075D6C4EFC477F53CAD27B4FBB42024543CECBE
CLIENT_RANDOM 1A016FF8F068BE41BB8F446ED326CF2A6607C160C16D462AC7ADD91967511B00 88D16C9E3797269DAA0DB13B4FB50C46F45D5D65CF11C9E47F4DEEA7F8311FE5758835D4BA6C2FB99B0500CB6F6449ED
CLIENT_RANDOM 970D5422A04589D6EC9EF4C6FE187BCDB0CDF9596C7653A8FC8A5EB68EBF9598 CFC1BA590344D1A6C4B7504ED3F4ED9A37AFCB1674D23B282BD80100CD5BC8BACBD9C4CF4389563622D085F5F68283F4
CLIENT_RANDOM 79C8A19F3C2451B357B5FF31B5C798EE9AA7E3A16354350DACC21B61FB87CF78 D7C6BD056AD1B87597A1B765C4EB4C420B2768ACC6350F2F24D83BB1B3DB342243401D99CAE18C7745E959FA5215D3E3
CLIENT_RANDOM 6B56BB4516A0918E8290494746F588220613A39B2D9C91DBEF9F6F89DDA07EB4 BE3191CAF391CC61507B19DBC563E86C859BFD60072CEC63CBAB21DCE62B63530A7680F2536572EA3F06964A9BC57249
CLIENT_RANDOM 43B1AA2945338AA95389718E34BC78D5BE0E3AA4B70FCA537C3DA57C87499DBF 05DD0BB628CD20A54D784198CD0D79F4F5B498D2F0BF53EEFBCC25F5D199C708D9C4A707B750A565F66972962C5987EA
CLIENT_RANDOM 3D9CF5A82FFDB89D42A113C4BACCF9540FB79715FA36E04CE17B7165B8048EE7 0FC6CAC9E9074CE7375FB83126D6F368294DE0D6A0637B333FCA2DEB855FD3E6F07155135400448A739F4592638A7913
CLIENT_RANDOM 7BE4059999B1F4ED938AA6914554134FE811F516CD94DD0B8E3F5D1B6B525B09 6601DCE6A29A40C41841D5133465AC450010F9A33B886E42B270E420428DF264D5ADC0441C9B63D83880199A131C10BE
CLIENT_RANDOM 71D486A41B8B6DC41831301332074C6959B8864641DC9373BEF9EA33F7001B87 59F08CC8BAC5F8C06250B3A994E78EDBA9F3F5C032D2EE6ADEF0E982F2E43006F568F839B8F4DB8904F5BAC91647A916
CLIENT_RANDOM 2B759DD9AB614EC7B7C22B58EA65196C5131BD56CDF723FC6AFAC49FF984314F 572D59DA0DCBE7DDD91BCC11D254DF41EA99B25A1D8C46AAB8B3474D267A97BF1F085E4CD4C8B17C47EE82482C5F76F9
CLIENT_RANDOM 5B32D8FFC91499F8F843D8A495362B862A32C3914DEEA3CCB9522BDE52026457 2BC2C110317F69845FCE8AC05DDF27830CF39BA8732E3D15ED4A8CEA5994365BF66132B784B40965128D017129360455
CLIENT_RANDOM E889420E40F7C0B1346B3B26FFC986D6F49DA5569A5092A8A0912B6AB623604E 0E7C48A711E239651CC20674998CDF288048AA63F7E96DF98C4EA6B2BDE6DFA1A4FB3E611B606B6BB4C84871224C8BE4
CLIENT_RANDOM BDFBC8061A87FED5FEBA82E342A42B4E84F9FD2972FF60986CEADFCA1D64BA7F 9EC3885AB319A98F4FC382A1E218454A4D40AFFD8678F73B3391788E58A03BC63A579DB6DDC91793EB4009838B3C4392
CLIENT_RANDOM 659B239B1C1F0BE228E363DBEC93AC753E60B349DEE3BEAF7DDEFB25E2A807BF 10A6098344A135CD4FEEFCDFC9C80CA366ED73C014996E94297D22C39E5C65CC304CD301451F4A9DAD922248DE46EA64
CLIENT_RANDOM 9FDC42B460FB01F5EC8CED81AC3172AD47DE2C1B4E4661382A696DD5DC3EF2A7 688832B4E4E1294E7B27B742582EA16EC5868AA8DFED1351668559D292E2CF994B17FFFF65B37D5134D2172986CC0FC4
CLIENT_RANDOM 1AF51C59180F2865B749D0D152FEAD9F8495EA88DB312E029AE0311B82AFDCB2 BC3D97DA02ABE028C1738E56EAA11E53A72378E9D9FE26BC27150B0E66906849BCCCC7DE8C251CEDC846B03ECFD895B3
CLIENT_RANDOM BFE74773479CBFEF7850098F178FD41A2355B28622D87165CF3D436ED7DFE6F9 F955EE09807F0D194A2FF2E3C3A724CB543D401D9B8548F4EDF21B8D991DDDEDE7D3018D76A346521A2EB43ADECB60F0
CLIENT_RANDOM 9A672AAF5F548BA6BA61B726422BD053418597D45BED89A39940600126FA9900 F686C891FD9B78BB5CDF4502EDE5CBA74AA9AD08345098074AB4936F4DBA113202C815C66022CA168C44F6AA8F7987A8
CLIENT_RANDOM 9152976D980121880AE2C47A6BB24AB6C36F105A99581DB470DA59A9B6966C99 D2BE28417630F0F447AF42C0B33BD05B9211BAAB866897A77FBEEA5570FC673E84FDA756AA7CCF33CC21322AE88EEBB2
CLIENT_RANDOM F208D7FE63EA44AE2AD489A504A954F23A0587B4CFAC1A536F8F0A4C3E0E4FAF F85C5A4B78FC9FF4B4102DE9370DF5B92AC10E5EEA19E057D18BD676DD7C47377073A538333839F085FD27E21F737EF9
CLIENT_RANDOM 5AB62BA07F88413CD102C53A2EB926D21A51B6652243CEAA40CAB6BD1815B2AA 2F5AABF9731C6C470A69C6BE41062633B669281A9242E45E1F440935ECEC064665C7AE3DCF6BE4B19D302FF663055182
CLIENT_RANDOM 0A2B1CD2EFF3766D5CE7FA8EA1D0DB30872CB63DE553A8197C3C7FBEBA38B53B B624F721E9D83788056059BE5AA8A5542AC3B26F152E0C8B76A18FFC934D6F1ED1A249C0C6E28358497C389D849E3388
CLIENT_RANDOM 302D5AA53FD8A245BA14C63548F903343AB6026C2EFB8893FAE59C15D4FB7779 9A2E4AC1C7C7A1D6ADC4B278AA2831E71C2639E472451CE7C9E82100B3D2542EF54AF73E34B625A46D8D6C59F14B7010
CLIENT_RANDOM BF812FF26B19EAA395E0FFAC003CFBDF65C8FF3F0C5B530CDD3453F504B59D47 65028E80114D5DA175FD47B4ECB951D84A182F3176D8DEFE648AA6ACD1C3E7B02C8D02646E832984CBF82B03CA7474F3
CLIENT_RANDOM 56EC64B0A530A52BFFBC8EBC6DFAA300C95CDDCAD578D82C86E4231D73074E72 A99F6DBC5B263C2A540A4AABEBA46EE22733E0661EF97A4B0762929167A4D9F1E1A1F142156CD9F515FB4CD8F7C6323A
CLIENT_RANDOM 13F22239FCC66A8DF09BA223344EF1375FD75821102DF2DC000A823C34BB85BA 8EDAA099EFFD5887C04FEB179D240DDB7F95E05C84CB9D476F8EA98EA8BF4C5E383F060BD16C9B8E83A888A3811A1A26
CLIENT_RANDOM 81BA543823F343A1C392E3F1A9104484EBCEFC48FA71377C7A09D19D3E49C752 E49F08E7C73629F2B68A99366895B96BFD94E451C502213EA4CAE24E5FB247E516C0BBD7C51BD2BE222B5A13AEF80C1A
CLIENT_RANDOM BB652F782DCF8898B0A137FFA89762801E66267DFBD405B6012AF46B54FDB923 2D9154BAC34FCC02390E7618AFC2768F8EFE369058ADC0050920312B294C82078B611A9706A1464CB6195C4343A32812
CLIENT_RANDOM 889DC978A090915C528C20AA55B2E3E0455F1083B629913C165F77E419E04FDF 58A6E41618771BB84863B46004E34FB0EBCFD543D03D07D99067F0B80B1C558736AA7F2CF757BC98A18515E4F96D655E
CLIENT_RANDOM E76F1C6326767E7A432ABB0371759B2B283ED11B8E2B82D57BDDDAE8F2FFEDD1 9AFD88E74307899419FDFCF6CFEDABFF5A50AE77582E3281F1F0BFC9C89435F1126C7C1B4A5BDFE3E40979FF1FE43EC7
CLIENT_RANDOM EF1559AA01D1624F648B14EDD97FDF96C632D5075DEE3BA9ABE2B998F0E33DD2 D2023C8334E235B3D7E9FE8371ABC1ED815F3C2CF30261B0B1AD6AA5312D761B97528CBE17832339512B514B880E5042
CLIENT_RANDOM A93179094117765A2083FBE832A722033D2EBFB3EA2830CB7C03BD9BD6CCB239 9B3DDDBE2B7FD4B12C3D21C747F7CF953422C56D95F7C506B0D44C63061F5578F7AC922B3D02B137F7141D055D5E651B
CLIENT_RANDOM C70743851573C26C331DE54BC41C7951515D5E74BD93DF1E3CF91F24292E9292 ECD8499642590D1DA2CD6523E3668D91C4B0C32B5A2F5729DDD904AF22CE7DC8B985CA4AD27B24CBDDAB3572C2FEE90F
CLIENT_RANDOM 83D4BBC7D1C6AE5325F714585151B4F5A8C88CA36CE19C391023A4E41F4DE422 55717EC3881567E72303D6E0A508229473E42AAC9D5D3C8A88D14ABC5ECD3410D6B141AC885FB7C66257DF40EAF9338A
CLIENT_RANDOM E04BE4719B4EFC6F78D9B7CC3B252A4FF9F0A3794FE1640FC01BFED1DFDBE996 2BF409D559C499950F8F64870787BF37C69691E4A40CF2079C7585DE2B06955EBF32B2AC6B182464DD0186C554E6CA25
CLIENT_RANDOM 33BD870E6C38AEB4F2C7A2CFDD05DC0BED037F999FE001BFAF440AAC68E76A46 067BBAEE5FE72D2DA2AD765FD4E9F503B980141AA6AB0B670AE7188B52DCC133BADE24EBCCA5F39926E2FFC726027A0F
CLIENT_RANDOM F0142588040B342B46AE6F7726499549F29E2BAA7F02F0B76236BC5377ED30A0 50CAA3B7BD1444A05342CEA8CAC63E1C5EAFBB992D09C0809B0D363CDF1E135DA1E29ACE593472E3C694B0357176F80E
CLIENT_RANDOM 10DE8D794B7A7B4CB13A0033836988E2CB94843D410CDDEBFAC4C355B7000B3F 2031009A271B950905A2C5A52DA7C87765256D3ADEA2BD304EC63F236F3D39F1C4BCD2BC2B5F03460C6315CC98B6BCE8
CLIENT_RANDOM AA1FDEAACBF1C9EAB901E990916D43AEDF9CFB7A762400A05743496DE6DCFEDC EEB15D2B787567ECA0461FA2C718D29A4A5E935A3F2B531229286E0CC145270E660DA104FB5F090512EAF88D9E19E2E8
CLIENT_RANDOM 14E85379E83D57F31BAE100FD7CB5D8DE45ADA4413DD39F5BFC27801F07BB662 AB93C85FE9F102C2C2CE17D43CC958E162874451B021516AE509446616B8C191C3FDD8B24331A216D025257D3B700635
CLIENT_RANDOM B238C9C71DE46D9A24B4CD914F72C43D56968A75E86A2BDD4C9901B7CF5A22BA 9D873A32491F1417773BA8B47A9C40C4BE53D4A94BB9D4E9CAB569D3CCBC9783E2814E9B53747445577E401F02AE5023
CLIENT_RANDOM 4AF4AF8414C5DAC1B16D405FFA64DF08168139ED1DA9CB1F887A7F19A460411E 6A82558B4863DB49735E167DC61192954A76ECCEC1B5B8330AEB7A5BC72E3B0BB03DB237A25BD0565575AD770F2DF02F
CLIENT_RANDOM B854EC09ED158B47D4239632E77659B9EFE3B9D51E625C319444FB3241335988 419CAEDE953256277898782DFEFD4591E8F62C97BD6BC48FAE0045BBB4A2B2F95432CF09DB4F45901FADCA202D16695F
CLIENT_RANDOM 1889E4805F2C9775D39094CD164FAFFDD956EBEDD3A99311B1D9C96A072274D5 E960F1F21B893478EACDC02375243F88D1A992947F3BE18CA6B0AE694628115BFA440E70852FD07CF5FADC6837BE6949
CLIENT_RANDOM 7CA664325709C442197FF181C57762B89FEA17E6FD4519248E1E94820D0592EA F4FF09DFD50F77BCF4FAE0C23D25137D0729AA75F22154AFF96C24E71678A3B45E0551DFB190DE7EAA9487AE5E7B98D5
CLIENT_RANDOM 4293342496EFDAFC5BC968BD5D369E9A65972E11739B63DC49E9631471E8ADC3 55EA27457A7591784F983D94029061715429FF3B8741A0C1CF8B16742012D1AC53491EEE8E30BC920DD939B7A92D3B87
CLIENT_RANDOM F0128D69E0FC53C49C2E68E0552322F518A5B688BAFB86A756358CD8B20603DD 49EDB1AC3AD9B095EAB5604EA9BBF926C3E16D5262AC18EE0C4D76C3727353107A0217E06036450B0EA2F45CB8B111AF
CLIENT_RANDOM 8F1B21D48D6799D15FE944FE1CD10D84339D6E664623EB1C83DADDFA544434F2 C7154B3738A635B72C481640AFFF2E29668233C87B9DA458517CC6A666FCE2B18C70862FFC74698103D0E27A2421E010
CLIENT_RANDOM 4489E7D9821189C9B588293B6B24A87DDC7B10F530D35400BB2CD13D4C4AA59D 6D74A16C425CC5CF4DD30BD6996C12254E1CF9B2868F0DC92EDF69A96250561D75212EC4148EAC313B693EFFAD8059DC
CLIENT_RANDOM 11F000FFA2B79AB39D78E682CF0D5E562E496CC0E70FD432B6E736EBB868F8E4 906CF2ED3F481875A607B74CCAC7438ECCBA03E9CCBFDE5FC34AE227E4780F38FB2F170F7D35B444DA7EB93A9D85E2C4
CLIENT_RANDOM 6EC07B0EA603BA7E8B6D5B3F96AF39C8C43B5DA1550281F5C2D44271BD280A9B 81EEC9E1DF763E2D290029EAD09FFE1B8833B4E7DDB579EFAEFEE621533D287898EA57EAB8A641422F4D3EB42326776F
CLIENT_RANDOM F3236B5D5C9EA67F09BFACACACD1167267A445834152AADB244C3826C9441354 DBC82EFD08921E90517D0FAB87266CCF2EC787833803465C50951D149B29CD44844BCA1AFC5F8004D8BF47A0379CDFB0
CLIENT_RANDOM 1B06638AACFB47A926EAAD74D69CDF553120774B5D9478B3CCDBB1FAD9631211 DB443BF28B4F75A20F653A180C62C4B6A6FD6FD0D07A919B96C34EF15809C53AB7B8A0F47E5CBD80279F7AEC658FFEB8
CLIENT_RANDOM 8D82DF0C7030402B03CFC20A27CB04D92145F1007EEFAFEBC8A8335F406CCB8E FCD023870D210988A16EB8573AD18755C60636B3B299EDA6A9EDE6B86ACCEBF7095B15A1E719D965B5BA545954107E83
CLIENT_RANDOM A70BCE88B629526867B5ADD960184B5FDB0DE6E8E3A33E156561CB847F92FBC7 75CB19BD004FA474F2B6AFB78BC9EA74A3B694D2E94FABC12A29334383EC25673525F63F48794E0462FB17F72B07BD53
CLIENT_RANDOM D7B6523EE61EAC7494920C3E0E1756DCFC750AFA380630E52F95FE6AA8C17362 64E43CFA398AE702173B472F5B4F050CD0D7C9D74227FA658E26D561154DDB57AC4D32465EDAECB4268BF9F1CC39A2E8
CLIENT_RANDOM BBC22DF8508FBAC400F98159D7585858E0EF68C113BD1BFF93153A3F75C8E362 2C82BD629984052DEB3BB88F0089ED33222FB729CF0550222BF4D0CBCA13942F6C11FA010F441E36D0D00C64CCC2FD4E
CLIENT_RANDOM 03FEA3A17546BAEC9AD239181CD3721B1921BD5A7371C6CC09C5C7321166CFBC 9CD44216016125A939E0FB0902A502E162CB454677633C95098EE42E128FC97F8FEC1DAE926F0B171138B9B4649EE1F3
CLIENT_RANDOM F38AF398DA64DF9CAAEFE3D7AA2A61E0FA5263A9256A2173B6739E1157EA75B3 4E92FBCB524B552626B8067D1974AA7DBD07CFDCB960CF8BAD92A7D0525757F329BE4EFA7515F090EC646425A371C61B
CLIENT_RANDOM FE49B04D2BACF2FB218F75FB65ECF70AEE15952A4269E90B8403DC37D4728248 F324A2717C379C69CF95161EC824248BDB36FCB744E8AF29190AD6DEB29F18AE73E410036A168FCEE13FB9AD1FEF98C4
CLIENT_RANDOM C39CF81D1E8873AEF24D2B6C68A0FFE6A4FC997E3C0E95CE62472B9B246C7407 4ACBEF492D2D0E7B0F76F38A2E97BA40E49B05660B8B2D295100AEEE2491CF14898A97F1542A069A92648CFAEE3E66C5
CLIENT_RANDOM A1D44F1B454ABBBD6565B2845C2B59C1ABCBF89FD6DE0C51C1BAD8DDF45ADCA8 BA41FA88D9A7D37013A49D5EED6C79A38B78275C527EACFC19AFF51BDF47D7222BF988375E743FE412C1E746A7DE5C7C
CLIENT_RANDOM 12403162D1A49AB5E7233EE170F4DB2691E7D36FEF8964EB8247B1C581C7C2E7 85FA49A13F233BAC9628CBE74C8098740F7B084A7FB0E9E95113A76B0835E357CD632F9FF9507C9B48936A38D5DE619E
CLIENT_RANDOM 57A9DA5DA0F813EF869B1E08E4DC282C41B3598C8CF91FAFB3A2F6A4CF25168F 88665DFF83F3D7E1B771C7FC422B7BBAD1A84E85B66567A6C9CB61EBD988B08AE3B7EA4783E2E96F09176789246DB312
CLIENT_RANDOM C76955292954D0D312E0CAFE234D1E49F0E6F66CD35EBD16A92BBD28A7F43E0B 2DF8E243C79017CC48E93E7504B6523E561495CCC0417D72E1A3CB435C5F9DBFC188FC2AB2E1DBB0853C180F9DB97FCD
CLIENT_RANDOM A6D1A52E997A0694382AA4FEC1CF64EA92B5466DF4D68933D2BA2301E133D68D 3537249AD48ADB15DD07921CE3DC521CE0191B94B71603D304FE8F6DF7B13278877BA2C5DF4016601CD553E99E25544D
CLIENT_RANDOM B0161783760043AE24427CEB7B7D9CFFB749F48C94925D2D6A371115B778C1BC 544A8B650F3F177DBA87851B6761A552765EA0793ABACA208D0FFFFBA2262A6C4D289848CB2E2B08D5659DDDCE820196
CLIENT_RANDOM EC2EE50B971425ACDD6541471F5D222497C8E31100BF386E923A8F5AFE7417E1 F2CA31269A348FD7D0BF46028D5B9D962C37C53E97EB63ECB8128F423B03D47C64937722F63D2AC24CA4F6826E793056
CLIENT_RANDOM 316D4CA055D0DB27D2AC66CB8F775EC02F72324D1581C139171E1ACB65111F70 DADAB691B4A8460F8AE322B311AC0C89EC42C44F8F7291DA7868994B911965ABF0828AB8FC7C7C0870F4315F259CC6D3
CLIENT_RANDOM 429E8EFC2351D39B867AB03818982777CB4974CD784AE766057A6069815A48A8 05AADE653AC609ED61D27E2A40777BA595518CE22065DB47C52B9E66D49CB845B29B68F64D8C8A53BB8813732C51CB3B
CLIENT_RANDOM 3E40C6F85875E0AE66B064C8A03893F192C1BD669FB937A9835C5FB1899C28A3 FDF01C73F698199AE33A42CFC14BAE2F5C740ACC392A02BA4AB2AD3264234CFD66ADBF1190A05F1417B6FD8E0B929B0B
CLIENT_RANDOM F7FA7A2A09A407AAE465F3E4A78ABF6EC3FFF2C2899F99E5280E97EAE854C4EC 7A0055AC51D7938942A0C9A894EB285C2990175D045E0F3509AE18FDD348B5C8388E380E354EA4CCDEC2113FF575C464
CLIENT_RANDOM 79C498BD766357BF574E603C078046824D9CEF1855ADB235188C3FDE175B3E0F 46CEB4244801BD41D795AE80A145607C5FFF597FA6896F6590F9D2929A81C6625ED3F08C303D26687FBFB0B767AED990
CLIENT_RANDOM 0A52D048180D862E0E8C3A878C6FD3F7FB8C9241F3AA87AF088481F4F6958361 50DB25415EC403D16C8284D1B2CFC97E0DEF09699AC9AB6F46A0C2B1CA7D838E7C280429420F9A542E2BB9E42A12701C
CLIENT_RANDOM 8164C6F6462CC36E9D0DFC36F25EC83942CFEA10E0D654E6FFD3E702F9A28B44 3AAA49DB1B9310CE001C4A430482B8E100EAB7AAC5782140CE410011078E0B5DA9AC3BEAC29F4BD7AECC4E7C7E8C5143
CLIENT_RANDOM 900B95D146C1495F1B3B06D7AED51116149671AA4049F64598B3E3FB4911F556 3D130BD7EE4ADAE5879E288B3D8C384E83940E3E43350656A14B0E70D04239D1C017AA5EA448AEC602A3EB94088ECD12
CLIENT_RANDOM DC7304D7E1C59FB11CC61FCFB3174FBD7510561302A2C143579DC1F57F6FEF46 2AD5B15C893F84F5BAD32C0EF6418269DBE70D12479C943439E2662EE55D36845AFE7DA9FC40919F29C0FA871CFD1CDB
CLIENT_RANDOM FF1DD74758D7F8AEE907EF4F3B7D61F0CC2E779FF5FC554E832DB34BD8853E3A 6DC5DF4F2C68660B930584205D087DCA02F8191FFDBBDC58B8790C70CB6409B5BF7A5E71DE0BABAFA37B507A59A3D70E
CLIENT_RANDOM CB6DCE08BFF7F4C87F53695EB8C45D82E6E307108C6D66D4E51B7096F1DF2AB6 5657B81F215B28B95E209A87E339EA3B518E79CFF2DD9CE186CDE93DBB552E78945DACC24501BCCF768C61632044247B
CLIENT_RANDOM 58EC1DC6F76D4D55E08BCEE95118793AFDFFD12D73DC7DFEADE8C55FE17EF155 46EE4F9E2F4525775DC17028758C413E261519A86C49DBEEA47DC368F036A8F52BDA5D118BE04161F25A026FEFDAA73A
CLIENT_RANDOM 164FB6079AC2C8A8409CC07B4C08B4B2AD94734CF2ABDC546A511216542B48FC 097A58768994DC6D7876843018AE6E805D35A2CBCF12440BC15E777175371645964B09ADB49069046C7A86C680F224FF
CLIENT_RANDOM B0034AA3E22D6A6FD3E4C795220E7C62DCCA503131A231108E80BF8EC267F24F 82D77A2371D89E651A6BF21D0FFA1CAE50C9837D39175110A4214BA1CA7B6D6C45AF9A7ABCCDC739A4D12DBCF7FE91CE
CLIENT_RANDOM 210944B09123CA62767C9D801F172C5EE0075AF5AB4165A54EFE22BEFC612CD1 87261DEAC65069CFC77CF8C58829C24D13EF64A19D6E59D50DBDED47EAA66E1AF7E31A2F9A5F614557A89726756113C3
CLIENT_RANDOM E08DC893D614B63DBC01F556EBBE62EC2085EB9595B313C8E24A5B92AA860D83 DE217E809F6897BFE3AE85EE8C69F8DC4510303BDBE754EE03CDAE9A14DCF46C5CF5E6DD3E50FED1A61AF58250AD605A
CLIENT_RANDOM 82306B636DB45EAB47DC9A4BB19A0618F6924850BDF888F364E2295DBD00DE5C 348B8A92917346CCC498B165EA2F427F2E8BC4F3FAF27EE043FD903FDD9CB8A06505BC3A4ED37782D598F6361C13116C
CLIENT_RANDOM 1DDEDC6C4999593F1A694DAECABC7CD4F986298E82A34DC01A95A9115F20E389 A65B4F8BB23E15FBB034B9B9536AB2D448A6D067B8768316565B47311A94CF428088A95D5E8E599B14777F34C62B902A
CLIENT_RANDOM 94947356D7372D2997AD2F750D13F86D5C90203213361927FCB5327D88421505 B2B1D21D040696F7DA425D583E45C9D9DAA1438416736FC9BB66C3454344318B7C40687B2439CBA3F9406165B45CC4DA
CLIENT_RANDOM 29A297A7BBF7371FFC2407BF3F889D5F40E6A6F84D896865DBBD509066D1466F 6094FC878D1F5718FF13046016081854DF64E19F52633596DE30155EB3479BA9597C967B0314FF3AE819D4407376A5E4
CLIENT_RANDOM AE284FE26B6800E10A99CC169604FD96F46103C6FF20DF61F595CDC48C5053F1 45AF4B4D764A1848194E4D6023C455D6466B119624417DCBA888F628393B0B38CECEC4AB3E55532B241FCCF810215A58
CLIENT_RANDOM FF0E87D33B210266223B0A9A42FDF22D16BD8E11D08124F7CB05F2FC9D007E1B 048265593DE51A6DAE675A3BBAAE03A596AE812B41971C62184CF8C78B8D2F17CD85AAD45EA58E76118A6DF0D9E2BC40
CLIENT_RANDOM F035607B817737500A26F05E44D8619050A8FA23CD7C232E3F4A85C466871E90 DAD9C2B7A1A566862074F48054736B86AA49329F05F822E9D10730A8A9AFFC0FC426864C7C02DB79E1008264FA45916F
CLIENT_RANDOM 6B67BD8924FB3A0E2985BDD88140BA056222B1296E3433426953AA16FC1579CD 9F556CAC57345F78233A2D0018D136FC09A58C694A1E2F6E91B29DBBD8E6F96AB83A6E31E58B26393B6627E335D01630
CLIENT_RANDOM 675278BC34226237DFC3B63EF259A183AA04E2E41B3A6DE57381B6743D56F922 9CA30821E228CFAE1A32DEFB3C35C50C529E930272FFB8369BD0FC3D43D4344532FFC94A6F2BBAE6B3F1EEF262C0CF77
CLIENT_RANDOM E58E7A6C6B8BED6E82BD944D864C495E80AC358443EBE1CE873A7195BCDD64B9 6F4E4380A7E7CB7BE5F239CE3C365199B4C77FA9D87E2AE405747E2608CB06F2C0F6C21E744E7FF93ABA12820183E1C2
CLIENT_RANDOM A9D3E2E4B7CDFC5502EA09FF5B6ED9616D9CD56BEB4D3434F2EB23548CE8CC25 6E2DC6479BAADFB469B334441A43A0B249A3D81333C221F217D9E9F117C6593EB3AC77B945F00045E3E262A235D77251
CLIENT_RANDOM 73BBE3B52F38238DFC73503A5D2CA5DD9469C41E2F47EC560FAE050C824C4C4B FDE313B880F160250ED3563ED8EF9C233B1AA502B74497C3CAEA45B6738B60A4FE040C92367B5914716856C4FCA995BC
CLIENT_RANDOM 43821110ACEA8CFA91105081845BD2230047C1DB46FA7DAFEE75BB60DADF236A A2778C54FFBDC9B2695F2A8524F6DD08FA5CF92552741B5C9745E94C2F6D621EB71D471E7A1FF2909D72B980DF173B03
CLIENT_RANDOM 302121FC6615D1216068074A1477E94765FBB5DE4DEABA861CA8E4486C0B86E2 EF8AFC839D5F0B5DFE98A8179AFC838A6A9C91DC881A141ABB3867C5BEF13CACF8CE57945A5145FBD0F9231DE3560663
CLIENT_RANDOM 214705DC378BC2CD9185B303F963D0DF7D8842DE55B8993E472D92DBB364D67B D156B64323ED0AC2AD2941DBEABD8F0D329E7D976FAAAC93E0245956C40E9671F413652BC77844A630876B4A70BDD750
CLIENT_RANDOM E7023E023E73074F6E8D403EF17D5385F1F92EB1D9AB24F926AC933290D0580F 9159520C3E28BFCCA03FD6EDC59B898A5B763E4669F2A7946CE85D00F43A0C40223FE58D6514F06A30980F935FD7313A
CLIENT_RANDOM EB5D2A87B59B6EE7104CF15014BC2FECDA3FA8A356B2FF28F21F3D9A6B7F50AE 8EFC45C911138286EFAA45D5B35228C1F0A9DD89F798CADD3D30279EC793E13DD4E57E140196C0A6F67EA39D2FDB883A
CLIENT_RANDOM 96E5800B14549B5D35ED3AFEC6410C9E13D3A33835EAC6B1248665E5BF4EA505 E2426EAC38B10831EE9ABBB93DACF61B79AD18EE3F1D64240D3ECEA5FA45D5C979057FBBE611F0572786C1E3214CCA1F
CLIENT_RANDOM 4913BA95B885C5FD0DE59B8F9452D6818169EC122D18BF3F77ACF9C4A2B7D7EE FF0476F1E04FE2ABD743A0563ADC48B1F9F6741BB63387D1B80A8631BF2BDF155C414D4339CB1C5896089D9440EDCF08
CLIENT_RANDOM FC137D5CF9356E9BA70202C5A364B5F9A0D897D66C9D8990E96E6F0EFC432BA1 F202106CC9DC3201BB894D3DD0338572E452A64500BBFAA7F0DADA63B09FAA52249F817344B4AEC12AFB5A6EDD83F308
CLIENT_RANDOM 8FD92D2F4EA1CA83643D4DEB32864B955DC9CFFBE504EC35529E27AE8820622F 35D8E7AF73554D63CC24F38B97D4FFB04756B9D29C325F3EE48B70B4962A6BF92BBEA23F0CC39CF4E98AF5D9E92EB9BC
CLIENT_RANDOM D2C02128E8565524FEBC4D2524A2D15B02703B896ED06AC42DEE6D8FDA5B8C68 339B309C097377D6C3248EEE48818EA3FC073417BDAE4061476A52FE58D2E6EDF97C4D9E962FE60644E7F579C9B51104
CLIENT_RANDOM 4B37B7D2D5913CC9D14699D1C58F01ADCA470C018289359CE251342D23895C2E 05AA30014F0574413D19FBCB9C40A6CF6C0C1353B538C7311D1ABB06EC13706BDE6E93018AE6FD5CD9FABAD443C39652
CLIENT_RANDOM 6164147C742CC8E5A556DDF1DBFCD6FCB0D02034E9CEC6282B9499630E96883E C91A1E51DE26D25F3941FFF7524B60B32E74CC00173592B66317C9E1DDB358389D3E1B8F3A91C2EF9527F02B38C24737
CLIENT_RANDOM 9E376F6820890A4987A51F105D484DDA7A640FAC64C4DCC3B18C0750EC959B21 8E6146ED28D74BAE22225DB9E69CFF6A818E9E36008595D256BEC703DFF7E63B5A2C604C225F928BF4E7D4229BE27C33
CLIENT_RANDOM 56E47B39039C4BA37FF2BE5E3857B93FCF2D87CC28A2904AF51AAE1656478BAA 2FE25DC2B7AF4972B8A89F13B30168C84329CFB070077EB1AAE02A8CF8A10A63A650F7CA687AC5DE02C253F08B3BC69B
CLIENT_RANDOM 1438B5649F9A103DDB79CF356695AA1A6345B26AC93DDDE752CF3AC73E3842BE C014D248C3DCC8F79C6C2FBD748058A389115F26C5A9A5737E6B1DD4536591A44BBFA0BDA1163CCBA4D256D6F8B40947
CLIENT_RANDOM 483F6AFAFE7B1AF4B71CB21C0F74FBF98E8612677BED83FC627D269E7DC38B1F D25005DE9F1E988F4931BBF95AE2BFCB6F15D1B9F84183F56D6B15348598E72681C2D0F401C2B5A0F6D1065BA1C46F23
CLIENT_RANDOM ED77D77EF170EA389B76C8B0BD1C47D19B0D8D882F6D5205B1952948DE9056DA E71BEF1E688F9C886417064AC4F0F6CFB80DF93F5CC0162B276D071A446270DFEE1B7B00BE79693139B6D72AE05A4D4F
CLIENT_RANDOM EF74C48A55E1E35C03F48F30CC76394776D55E662522FF2D20BED0525486EF4D 354C6C5CE6BA2746A9BCE62BB89A8BEC334896747AFE0D65CA01BD90FC6250D3C3D52187BA044A5C96BE7BE634D27C34
CLIENT_RANDOM 028DEA166FD9E2EF20FF7DE14AC161DDAFEE817E1945495EDEEB04CDDF13C9D1 19A6F74AEB0F72C171EBD098F4D778C9F48B26EC95EA807F18D63C135CB8A5715ACB1670634827C1F0777FBCD38824E8
CLIENT_RANDOM 18DA0DA1B97E05088CD43FCB11044CA992C009E64E404051ED26896E39E2DB87 3519A6B1A641C7B3D5273780896739A1E497E411A0B8AAB4FD79580BBC8C64E2CA10834F0C9470A1F492E7EBD3DEEF78
CLIENT_RANDOM 91A7581E55FE0760080C663F444A15F79EE330DEA15E0DF272C1DB340DA0CB6A DEE4BA1B22736C73662215F4FCBF5FC1EC724FBF239ACDF2B6776A3FF12FCB795AD1A2AA8758367F095303367F49E687
CLIENT_RANDOM D3DD268AE8A30F4735EA976F7D2B66916D6EBC8338DE68A22CA0BBA921A434F2 CCFF0A3497829808286B3BAA2A7E39673D901760C32F5A589BD6A5E233183760F7F63115792A0CDFBBECE480ED5C2145
CLIENT_RANDOM 84D2001F12B23DB65C07A146C93A889F69A696B0EDA26A3F13FFD0418B7F07BB 736B8254D31F29622703C662A0E9918E5484FC66A732D0D6D7D31CD336C4F3B8D847C71FB775BB4A9576BCC984A157C1
CLIENT_RANDOM CB9428A58FFFD4C1E7AC185C6E6599634F9F54C972CBE61D59EE6E418DAD8704 3765CFBB0D30D85309B069B73ECAFA0E90C1CA9B600E00607C94CDD6D5D733523CAD9E52D984A662BD7C1A52B9B90312
CLIENT_RANDOM A5000C67AA8A13F3584A46D981D7EFDC9F48B91FA19328B99859D4C1440D1A60 EDC415698E3CF249C2F370F7E6FD8BE0D763E7F1138C841C9BB46A4636EBB2E3CA503F3BD0F0A4301C8596A7A54D5332
CLIENT_RANDOM 5782ED9BF450BA9C9583A715E654458E54CC35DBD5E7DB846BE698823E97AD07 549232EA6CC2F826B58282662EE41ABEF1445490A8791727576BCD8E0CCB0F9F07B12594DAD8D6AEFF20FC650E0243F7
CLIENT_RANDOM 0308C7247C52F16B708DE18F9459523655B645CAF502B34C0C7181C2883CC34A C3E5685E6A27A35A25927B7EFE03410D1668BD71ED2EDE38B85D6CDE0E335C230779536F9454628ADF10BED83DCAD91C
CLIENT_RANDOM 93F80FBD5BAD57EDAB898F60A4099C87EDD16D65BB4F49474327AB687BD3620F E548E4EFF76F7F292CC829787C627781DF35687C5F02BE862B662B00E0FC9C806C431650388F055B629739AF366CE211
CLIENT_RANDOM 391A8B922D868271A35AEB8C303360D3C803A821BD533F377D6F697934DE57D8 E22F41A7CE3D276773DB9ECB1A0545C91B3F0F28953C40E581B8E653497FE2660F48A5B64F64283C9DD338D68327E3BA
CLIENT_RANDOM C4971E7BB5F3781547AA3BE866D45D79DFCF17B4682CEFC2B2F60A07BD6BFC3A 67D6B9ED972F8C21994002777A2307A3C318A793095740A84977459417554B0EB600470FD455D45B21478868753B34C3
CLIENT_RANDOM 591A47242D680832F73572F4CBBC9574A52137A34E82419D15ABF5334C325812 844E9B752E4FAEA4BD610FC4D772CCA97AC14A06C36ACFDBF343F7D7BD0174003BE36C9ECEF6E05734677E208CAB0B56
CLIENT_RANDOM 33C213CB0EB3DED6CA21537DA08F1C95836848051559CA518556C5833B651BF0 74B56140B691AC7073829B906E07B1E353B272FBE48E90CA9C507EB9C116C16FF8BA5DD5DE39B8E94DF694A389125B08
CLIENT_RANDOM 691AB1AFC14D23A9FD3B3CDE44F55B870AADABAEFE48D11A23BDD8C735B4D910 63C352482AFDD86355E84C5DE452EFC41959951F5BA8C992E82151210D8C2201E8C94F00013C0FBF262CE803C1BD4B81
